<?xml version="1.0" encoding="UTF-8"?>
<testsuite xmlns:xsi="http://www.w3.org/2001/XMLSchema-instance" xsi:noNamespaceSchemaLocation="https://maven.apache.org/surefire/maven-surefire-plugin/xsd/surefire-test-report.xsd" name="com.chat.SpringbootCrudApplicationTests" time="12.907" tests="1" errors="0" skipped="0" failures="0">
  <properties>
    <property name="sun.desktop" value="windows"/>
    <property name="awt.toolkit" value="sun.awt.windows.WToolkit"/>
    <property name="file.encoding.pkg" value="sun.io"/>
    <property name="java.specification.version" value="1.8"/>
    <property name="sun.cpu.isalist" value="amd64"/>
    <property name="sun.jnu.encoding" value="GBK"/>
    <property name="java.class.path" value="D:\java_workspace\springboot-crud\target\test-classes;D:\java_workspace\springboot-crud\target\classes;D:\Maven\Repository\org\springframework\boot\spring-boot-starter-web\2.0.3.RELEASE\spring-boot-starter-web-2.0.3.RELEASE.jar;D:\Maven\Repository\org\springframework\boot\spring-boot-starter\2.0.3.RELEASE\spring-boot-starter-2.0.3.RELEASE.jar;D:\Maven\Repository\org\springframework\boot\spring-boot-starter-logging\2.0.3.RELEASE\spring-boot-starter-logging-2.0.3.RELEASE.jar;D:\Maven\Repository\ch\qos\logback\logback-classic\1.2.3\logback-classic-1.2.3.jar;D:\Maven\Repository\ch\qos\logback\logback-core\1.2.3\logback-core-1.2.3.jar;D:\Maven\Repository\org\apache\logging\log4j\log4j-to-slf4j\2.10.0\log4j-to-slf4j-2.10.0.jar;D:\Maven\Repository\org\apache\logging\log4j\log4j-api\2.10.0\log4j-api-2.10.0.jar;D:\Maven\Repository\org\slf4j\jul-to-slf4j\1.7.25\jul-to-slf4j-1.7.25.jar;D:\Maven\Repository\javax\annotation\javax.annotation-api\1.3.2\javax.annotation-api-1.3.2.jar;D:\Maven\Repository\org\yaml\snakeyaml\1.19\snakeyaml-1.19.jar;D:\Maven\Repository\org\springframework\boot\spring-boot-starter-json\2.0.3.RELEASE\spring-boot-starter-json-2.0.3.RELEASE.jar;D:\Maven\Repository\com\fasterxml\jackson\core\jackson-databind\2.9.6\jackson-databind-2.9.6.jar;D:\Maven\Repository\com\fasterxml\jackson\core\jackson-annotations\2.9.0\jackson-annotations-2.9.0.jar;D:\Maven\Repository\com\fasterxml\jackson\core\jackson-core\2.9.6\jackson-core-2.9.6.jar;D:\Maven\Repository\com\fasterxml\jackson\datatype\jackson-datatype-jdk8\2.9.6\jackson-datatype-jdk8-2.9.6.jar;D:\Maven\Repository\com\fasterxml\jackson\datatype\jackson-datatype-jsr310\2.9.6\jackson-datatype-jsr310-2.9.6.jar;D:\Maven\Repository\com\fasterxml\jackson\module\jackson-module-parameter-names\2.9.6\jackson-module-parameter-names-2.9.6.jar;D:\Maven\Repository\org\springframework\boot\spring-boot-starter-tomcat\2.0.3.RELEASE\spring-boot-starter-tomcat-2.0.3.RELEASE.jar;D:\Maven\Repository\org\apache\tomcat\embed\tomcat-embed-core\8.5.31\tomcat-embed-core-8.5.31.jar;D:\Maven\Repository\org\apache\tomcat\embed\tomcat-embed-el\8.5.31\tomcat-embed-el-8.5.31.jar;D:\Maven\Repository\org\apache\tomcat\embed\tomcat-embed-websocket\8.5.31\tomcat-embed-websocket-8.5.31.jar;D:\Maven\Repository\org\hibernate\validator\hibernate-validator\6.0.10.Final\hibernate-validator-6.0.10.Final.jar;D:\Maven\Repository\javax\validation\validation-api\2.0.1.Final\validation-api-2.0.1.Final.jar;D:\Maven\Repository\org\jboss\logging\jboss-logging\3.3.2.Final\jboss-logging-3.3.2.Final.jar;D:\Maven\Repository\com\fasterxml\classmate\1.3.4\classmate-1.3.4.jar;D:\Maven\Repository\org\springframework\spring-web\5.0.7.RELEASE\spring-web-5.0.7.RELEASE.jar;D:\Maven\Repository\org\springframework\spring-beans\5.0.7.RELEASE\spring-beans-5.0.7.RELEASE.jar;D:\Maven\Repository\org\springframework\spring-webmvc\5.0.7.RELEASE\spring-webmvc-5.0.7.RELEASE.jar;D:\Maven\Repository\org\springframework\spring-aop\5.0.7.RELEASE\spring-aop-5.0.7.RELEASE.jar;D:\Maven\Repository\org\springframework\spring-context\5.0.7.RELEASE\spring-context-5.0.7.RELEASE.jar;D:\Maven\Repository\org\springframework\spring-expression\5.0.7.RELEASE\spring-expression-5.0.7.RELEASE.jar;D:\Maven\Repository\org\projectlombok\lombok\1.16.22\lombok-1.16.22.jar;D:\Maven\Repository\org\springframework\boot\spring-boot-starter-test\2.0.3.RELEASE\spring-boot-starter-test-2.0.3.RELEASE.jar;D:\Maven\Repository\org\springframework\boot\spring-boot-test\2.0.3.RELEASE\spring-boot-test-2.0.3.RELEASE.jar;D:\Maven\Repository\org\springframework\boot\spring-boot-test-autoconfigure\2.0.3.RELEASE\spring-boot-test-autoconfigure-2.0.3.RELEASE.jar;D:\Maven\Repository\com\jayway\jsonpath\json-path\2.4.0\json-path-2.4.0.jar;D:\Maven\Repository\net\minidev\json-smart\2.3\json-smart-2.3.jar;D:\Maven\Repository\net\minidev\accessors-smart\1.2\accessors-smart-1.2.jar;D:\Maven\Repository\org\ow2\asm\asm\5.0.4\asm-5.0.4.jar;D:\Maven\Repository\org\slf4j\slf4j-api\1.7.25\slf4j-api-1.7.25.jar;D:\Maven\Repository\junit\junit\4.12\junit-4.12.jar;D:\Maven\Repository\org\assertj\assertj-core\3.9.1\assertj-core-3.9.1.jar;D:\Maven\Repository\org\mockito\mockito-core\2.15.0\mockito-core-2.15.0.jar;D:\Maven\Repository\net\bytebuddy\byte-buddy\1.7.11\byte-buddy-1.7.11.jar;D:\Maven\Repository\net\bytebuddy\byte-buddy-agent\1.7.11\byte-buddy-agent-1.7.11.jar;D:\Maven\Repository\org\objenesis\objenesis\2.6\objenesis-2.6.jar;D:\Maven\Repository\org\hamcrest\hamcrest-core\1.3\hamcrest-core-1.3.jar;D:\Maven\Repository\org\hamcrest\hamcrest-library\1.3\hamcrest-library-1.3.jar;D:\Maven\Repository\org\skyscreamer\jsonassert\1.5.0\jsonassert-1.5.0.jar;D:\Maven\Repository\com\vaadin\external\google\android-json\0.0.20131108.vaadin1\android-json-0.0.20131108.vaadin1.jar;D:\Maven\Repository\org\springframework\spring-core\5.0.7.RELEASE\spring-core-5.0.7.RELEASE.jar;D:\Maven\Repository\org\springframework\spring-jcl\5.0.7.RELEASE\spring-jcl-5.0.7.RELEASE.jar;D:\Maven\Repository\org\springframework\spring-test\5.0.7.RELEASE\spring-test-5.0.7.RELEASE.jar;D:\Maven\Repository\org\xmlunit\xmlunit-core\2.5.1\xmlunit-core-2.5.1.jar;D:\Maven\Repository\org\springframework\boot\spring-boot-starter-data-jpa\1.5.2.RELEASE\spring-boot-starter-data-jpa-1.5.2.RELEASE.jar;D:\Maven\Repository\org\springframework\boot\spring-boot-starter-aop\2.0.3.RELEASE\spring-boot-starter-aop-2.0.3.RELEASE.jar;D:\Maven\Repository\org\aspectj\aspectjweaver\1.8.13\aspectjweaver-1.8.13.jar;D:\Maven\Repository\org\springframework\boot\spring-boot-starter-jdbc\2.0.3.RELEASE\spring-boot-starter-jdbc-2.0.3.RELEASE.jar;D:\Maven\Repository\com\zaxxer\HikariCP\2.7.9\HikariCP-2.7.9.jar;D:\Maven\Repository\org\springframework\spring-jdbc\5.0.7.RELEASE\spring-jdbc-5.0.7.RELEASE.jar;D:\Maven\Repository\org\hibernate\hibernate-core\5.2.17.Final\hibernate-core-5.2.17.Final.jar;D:\Maven\Repository\org\hibernate\javax\persistence\hibernate-jpa-2.1-api\1.0.2.Final\hibernate-jpa-2.1-api-1.0.2.Final.jar;D:\Maven\Repository\org\javassist\javassist\3.22.0-GA\javassist-3.22.0-GA.jar;D:\Maven\Repository\antlr\antlr\2.7.7\antlr-2.7.7.jar;D:\Maven\Repository\org\jboss\spec\javax\transaction\jboss-transaction-api_1.2_spec\1.0.1.Final\jboss-transaction-api_1.2_spec-1.0.1.Final.jar;D:\Maven\Repository\org\jboss\jandex\2.0.3.Final\jandex-2.0.3.Final.jar;D:\Maven\Repository\dom4j\dom4j\1.6.1\dom4j-1.6.1.jar;D:\Maven\Repository\org\hibernate\common\hibernate-commons-annotations\5.0.1.Final\hibernate-commons-annotations-5.0.1.Final.jar;D:\Maven\Repository\org\hibernate\hibernate-entitymanager\5.2.17.Final\hibernate-entitymanager-5.2.17.Final.jar;D:\Maven\Repository\javax\transaction\javax.transaction-api\1.2\javax.transaction-api-1.2.jar;D:\Maven\Repository\org\springframework\data\spring-data-jpa\2.0.8.RELEASE\spring-data-jpa-2.0.8.RELEASE.jar;D:\Maven\Repository\org\springframework\data\spring-data-commons\2.0.8.RELEASE\spring-data-commons-2.0.8.RELEASE.jar;D:\Maven\Repository\org\springframework\spring-orm\5.0.7.RELEASE\spring-orm-5.0.7.RELEASE.jar;D:\Maven\Repository\org\springframework\spring-tx\5.0.7.RELEASE\spring-tx-5.0.7.RELEASE.jar;D:\Maven\Repository\org\springframework\spring-aspects\5.0.7.RELEASE\spring-aspects-5.0.7.RELEASE.jar;D:\Maven\Repository\org\apache\commons\commons-lang3\3.6\commons-lang3-3.6.jar;D:\Maven\Repository\org\springframework\boot\spring-boot-starter-thymeleaf\2.0.3.RELEASE\spring-boot-starter-thymeleaf-2.0.3.RELEASE.jar;D:\Maven\Repository\org\thymeleaf\thymeleaf-spring5\3.0.9.RELEASE\thymeleaf-spring5-3.0.9.RELEASE.jar;D:\Maven\Repository\org\thymeleaf\thymeleaf\3.0.9.RELEASE\thymeleaf-3.0.9.RELEASE.jar;D:\Maven\Repository\org\attoparser\attoparser\2.0.4.RELEASE\attoparser-2.0.4.RELEASE.jar;D:\Maven\Repository\org\unbescape\unbescape\1.1.5.RELEASE\unbescape-1.1.5.RELEASE.jar;D:\Maven\Repository\org\thymeleaf\extras\thymeleaf-extras-java8time\3.0.1.RELEASE\thymeleaf-extras-java8time-3.0.1.RELEASE.jar;D:\Maven\Repository\mysql\mysql-connector-java\5.1.37\mysql-connector-java-5.1.37.jar;D:\Maven\Repository\com\alibaba\druid\1.1.10\druid-1.1.10.jar;D:\Maven\Repository\org\springframework\boot\spring-boot-devtools\2.0.3.RELEASE\spring-boot-devtools-2.0.3.RELEASE.jar;D:\Maven\Repository\org\springframework\boot\spring-boot\2.0.3.RELEASE\spring-boot-2.0.3.RELEASE.jar;D:\Maven\Repository\org\springframework\boot\spring-boot-autoconfigure\2.0.3.RELEASE\spring-boot-autoconfigure-2.0.3.RELEASE.jar;"/>
    <property name="java.vm.vendor" value="Oracle Corporation"/>
    <property name="sun.arch.data.model" value="64"/>
    <property name="user.variant" value=""/>
    <property name="java.vendor.url" value="http://java.oracle.com/"/>
    <property name="user.timezone" value=""/>
    <property name="java.vm.specification.version" value="1.8"/>
    <property name="os.name" value="Windows 7"/>
    <property name="user.country" value="CN"/>
    <property name="sun.java.launcher" value="SUN_STANDARD"/>
    <property name="sun.boot.library.path" value="D:\Java\jdk1.8.0_131\jre\bin"/>
    <property name="sun.java.command" value="C:\Users\ADMINI~1\AppData\Local\Temp\surefire6320185848544020515\surefirebooter2729782228537952625.jar C:\Users\Administrator\AppData\Local\Temp\surefire6320185848544020515 2018-07-30T09-35-52_676-jvmRun1 surefire3364071064546532273tmp surefire_08370888088151980645tmp"/>
    <property name="surefire.test.class.path" value="D:\java_workspace\springboot-crud\target\test-classes;D:\java_workspace\springboot-crud\target\classes;D:\Maven\Repository\org\springframework\boot\spring-boot-starter-web\2.0.3.RELEASE\spring-boot-starter-web-2.0.3.RELEASE.jar;D:\Maven\Repository\org\springframework\boot\spring-boot-starter\2.0.3.RELEASE\spring-boot-starter-2.0.3.RELEASE.jar;D:\Maven\Repository\org\springframework\boot\spring-boot-starter-logging\2.0.3.RELEASE\spring-boot-starter-logging-2.0.3.RELEASE.jar;D:\Maven\Repository\ch\qos\logback\logback-classic\1.2.3\logback-classic-1.2.3.jar;D:\Maven\Repository\ch\qos\logback\logback-core\1.2.3\logback-core-1.2.3.jar;D:\Maven\Repository\org\apache\logging\log4j\log4j-to-slf4j\2.10.0\log4j-to-slf4j-2.10.0.jar;D:\Maven\Repository\org\apache\logging\log4j\log4j-api\2.10.0\log4j-api-2.10.0.jar;D:\Maven\Repository\org\slf4j\jul-to-slf4j\1.7.25\jul-to-slf4j-1.7.25.jar;D:\Maven\Repository\javax\annotation\javax.annotation-api\1.3.2\javax.annotation-api-1.3.2.jar;D:\Maven\Repository\org\yaml\snakeyaml\1.19\snakeyaml-1.19.jar;D:\Maven\Repository\org\springframework\boot\spring-boot-starter-json\2.0.3.RELEASE\spring-boot-starter-json-2.0.3.RELEASE.jar;D:\Maven\Repository\com\fasterxml\jackson\core\jackson-databind\2.9.6\jackson-databind-2.9.6.jar;D:\Maven\Repository\com\fasterxml\jackson\core\jackson-annotations\2.9.0\jackson-annotations-2.9.0.jar;D:\Maven\Repository\com\fasterxml\jackson\core\jackson-core\2.9.6\jackson-core-2.9.6.jar;D:\Maven\Repository\com\fasterxml\jackson\datatype\jackson-datatype-jdk8\2.9.6\jackson-datatype-jdk8-2.9.6.jar;D:\Maven\Repository\com\fasterxml\jackson\datatype\jackson-datatype-jsr310\2.9.6\jackson-datatype-jsr310-2.9.6.jar;D:\Maven\Repository\com\fasterxml\jackson\module\jackson-module-parameter-names\2.9.6\jackson-module-parameter-names-2.9.6.jar;D:\Maven\Repository\org\springframework\boot\spring-boot-starter-tomcat\2.0.3.RELEASE\spring-boot-starter-tomcat-2.0.3.RELEASE.jar;D:\Maven\Repository\org\apache\tomcat\embed\tomcat-embed-core\8.5.31\tomcat-embed-core-8.5.31.jar;D:\Maven\Repository\org\apache\tomcat\embed\tomcat-embed-el\8.5.31\tomcat-embed-el-8.5.31.jar;D:\Maven\Repository\org\apache\tomcat\embed\tomcat-embed-websocket\8.5.31\tomcat-embed-websocket-8.5.31.jar;D:\Maven\Repository\org\hibernate\validator\hibernate-validator\6.0.10.Final\hibernate-validator-6.0.10.Final.jar;D:\Maven\Repository\javax\validation\validation-api\2.0.1.Final\validation-api-2.0.1.Final.jar;D:\Maven\Repository\org\jboss\logging\jboss-logging\3.3.2.Final\jboss-logging-3.3.2.Final.jar;D:\Maven\Repository\com\fasterxml\classmate\1.3.4\classmate-1.3.4.jar;D:\Maven\Repository\org\springframework\spring-web\5.0.7.RELEASE\spring-web-5.0.7.RELEASE.jar;D:\Maven\Repository\org\springframework\spring-beans\5.0.7.RELEASE\spring-beans-5.0.7.RELEASE.jar;D:\Maven\Repository\org\springframework\spring-webmvc\5.0.7.RELEASE\spring-webmvc-5.0.7.RELEASE.jar;D:\Maven\Repository\org\springframework\spring-aop\5.0.7.RELEASE\spring-aop-5.0.7.RELEASE.jar;D:\Maven\Repository\org\springframework\spring-context\5.0.7.RELEASE\spring-context-5.0.7.RELEASE.jar;D:\Maven\Repository\org\springframework\spring-expression\5.0.7.RELEASE\spring-expression-5.0.7.RELEASE.jar;D:\Maven\Repository\org\projectlombok\lombok\1.16.22\lombok-1.16.22.jar;D:\Maven\Repository\org\springframework\boot\spring-boot-starter-test\2.0.3.RELEASE\spring-boot-starter-test-2.0.3.RELEASE.jar;D:\Maven\Repository\org\springframework\boot\spring-boot-test\2.0.3.RELEASE\spring-boot-test-2.0.3.RELEASE.jar;D:\Maven\Repository\org\springframework\boot\spring-boot-test-autoconfigure\2.0.3.RELEASE\spring-boot-test-autoconfigure-2.0.3.RELEASE.jar;D:\Maven\Repository\com\jayway\jsonpath\json-path\2.4.0\json-path-2.4.0.jar;D:\Maven\Repository\net\minidev\json-smart\2.3\json-smart-2.3.jar;D:\Maven\Repository\net\minidev\accessors-smart\1.2\accessors-smart-1.2.jar;D:\Maven\Repository\org\ow2\asm\asm\5.0.4\asm-5.0.4.jar;D:\Maven\Repository\org\slf4j\slf4j-api\1.7.25\slf4j-api-1.7.25.jar;D:\Maven\Repository\junit\junit\4.12\junit-4.12.jar;D:\Maven\Repository\org\assertj\assertj-core\3.9.1\assertj-core-3.9.1.jar;D:\Maven\Repository\org\mockito\mockito-core\2.15.0\mockito-core-2.15.0.jar;D:\Maven\Repository\net\bytebuddy\byte-buddy\1.7.11\byte-buddy-1.7.11.jar;D:\Maven\Repository\net\bytebuddy\byte-buddy-agent\1.7.11\byte-buddy-agent-1.7.11.jar;D:\Maven\Repository\org\objenesis\objenesis\2.6\objenesis-2.6.jar;D:\Maven\Repository\org\hamcrest\hamcrest-core\1.3\hamcrest-core-1.3.jar;D:\Maven\Repository\org\hamcrest\hamcrest-library\1.3\hamcrest-library-1.3.jar;D:\Maven\Repository\org\skyscreamer\jsonassert\1.5.0\jsonassert-1.5.0.jar;D:\Maven\Repository\com\vaadin\external\google\android-json\0.0.20131108.vaadin1\android-json-0.0.20131108.vaadin1.jar;D:\Maven\Repository\org\springframework\spring-core\5.0.7.RELEASE\spring-core-5.0.7.RELEASE.jar;D:\Maven\Repository\org\springframework\spring-jcl\5.0.7.RELEASE\spring-jcl-5.0.7.RELEASE.jar;D:\Maven\Repository\org\springframework\spring-test\5.0.7.RELEASE\spring-test-5.0.7.RELEASE.jar;D:\Maven\Repository\org\xmlunit\xmlunit-core\2.5.1\xmlunit-core-2.5.1.jar;D:\Maven\Repository\org\springframework\boot\spring-boot-starter-data-jpa\1.5.2.RELEASE\spring-boot-starter-data-jpa-1.5.2.RELEASE.jar;D:\Maven\Repository\org\springframework\boot\spring-boot-starter-aop\2.0.3.RELEASE\spring-boot-starter-aop-2.0.3.RELEASE.jar;D:\Maven\Repository\org\aspectj\aspectjweaver\1.8.13\aspectjweaver-1.8.13.jar;D:\Maven\Repository\org\springframework\boot\spring-boot-starter-jdbc\2.0.3.RELEASE\spring-boot-starter-jdbc-2.0.3.RELEASE.jar;D:\Maven\Repository\com\zaxxer\HikariCP\2.7.9\HikariCP-2.7.9.jar;D:\Maven\Repository\org\springframework\spring-jdbc\5.0.7.RELEASE\spring-jdbc-5.0.7.RELEASE.jar;D:\Maven\Repository\org\hibernate\hibernate-core\5.2.17.Final\hibernate-core-5.2.17.Final.jar;D:\Maven\Repository\org\hibernate\javax\persistence\hibernate-jpa-2.1-api\1.0.2.Final\hibernate-jpa-2.1-api-1.0.2.Final.jar;D:\Maven\Repository\org\javassist\javassist\3.22.0-GA\javassist-3.22.0-GA.jar;D:\Maven\Repository\antlr\antlr\2.7.7\antlr-2.7.7.jar;D:\Maven\Repository\org\jboss\spec\javax\transaction\jboss-transaction-api_1.2_spec\1.0.1.Final\jboss-transaction-api_1.2_spec-1.0.1.Final.jar;D:\Maven\Repository\org\jboss\jandex\2.0.3.Final\jandex-2.0.3.Final.jar;D:\Maven\Repository\dom4j\dom4j\1.6.1\dom4j-1.6.1.jar;D:\Maven\Repository\org\hibernate\common\hibernate-commons-annotations\5.0.1.Final\hibernate-commons-annotations-5.0.1.Final.jar;D:\Maven\Repository\org\hibernate\hibernate-entitymanager\5.2.17.Final\hibernate-entitymanager-5.2.17.Final.jar;D:\Maven\Repository\javax\transaction\javax.transaction-api\1.2\javax.transaction-api-1.2.jar;D:\Maven\Repository\org\springframework\data\spring-data-jpa\2.0.8.RELEASE\spring-data-jpa-2.0.8.RELEASE.jar;D:\Maven\Repository\org\springframework\data\spring-data-commons\2.0.8.RELEASE\spring-data-commons-2.0.8.RELEASE.jar;D:\Maven\Repository\org\springframework\spring-orm\5.0.7.RELEASE\spring-orm-5.0.7.RELEASE.jar;D:\Maven\Repository\org\springframework\spring-tx\5.0.7.RELEASE\spring-tx-5.0.7.RELEASE.jar;D:\Maven\Repository\org\springframework\spring-aspects\5.0.7.RELEASE\spring-aspects-5.0.7.RELEASE.jar;D:\Maven\Repository\org\apache\commons\commons-lang3\3.6\commons-lang3-3.6.jar;D:\Maven\Repository\org\springframework\boot\spring-boot-starter-thymeleaf\2.0.3.RELEASE\spring-boot-starter-thymeleaf-2.0.3.RELEASE.jar;D:\Maven\Repository\org\thymeleaf\thymeleaf-spring5\3.0.9.RELEASE\thymeleaf-spring5-3.0.9.RELEASE.jar;D:\Maven\Repository\org\thymeleaf\thymeleaf\3.0.9.RELEASE\thymeleaf-3.0.9.RELEASE.jar;D:\Maven\Repository\org\attoparser\attoparser\2.0.4.RELEASE\attoparser-2.0.4.RELEASE.jar;D:\Maven\Repository\org\unbescape\unbescape\1.1.5.RELEASE\unbescape-1.1.5.RELEASE.jar;D:\Maven\Repository\org\thymeleaf\extras\thymeleaf-extras-java8time\3.0.1.RELEASE\thymeleaf-extras-java8time-3.0.1.RELEASE.jar;D:\Maven\Repository\mysql\mysql-connector-java\5.1.37\mysql-connector-java-5.1.37.jar;D:\Maven\Repository\com\alibaba\druid\1.1.10\druid-1.1.10.jar;D:\Maven\Repository\org\springframework\boot\spring-boot-devtools\2.0.3.RELEASE\spring-boot-devtools-2.0.3.RELEASE.jar;D:\Maven\Repository\org\springframework\boot\spring-boot\2.0.3.RELEASE\spring-boot-2.0.3.RELEASE.jar;D:\Maven\Repository\org\springframework\boot\spring-boot-autoconfigure\2.0.3.RELEASE\spring-boot-autoconfigure-2.0.3.RELEASE.jar;"/>
    <property name="sun.cpu.endian" value="little"/>
    <property name="user.home" value="C:\Users\Administrator"/>
    <property name="user.language" value="zh"/>
    <property name="java.specification.vendor" value="Oracle Corporation"/>
    <property name="java.home" value="D:\Java\jdk1.8.0_131\jre"/>
    <property name="basedir" value="D:\java_workspace\springboot-crud"/>
    <property name="file.separator" value="\"/>
    <property name="line.separator" value="&#10;"/>
    <property name="java.vm.specification.vendor" value="Oracle Corporation"/>
    <property name="java.specification.name" value="Java Platform API Specification"/>
    <property name="java.awt.graphicsenv" value="sun.awt.Win32GraphicsEnvironment"/>
    <property name="surefire.real.class.path" value="C:\Users\ADMINI~1\AppData\Local\Temp\surefire6320185848544020515\surefirebooter2729782228537952625.jar"/>
    <property name="sun.boot.class.path" value="D:\Java\jdk1.8.0_131\jre\lib\resources.jar;D:\Java\jdk1.8.0_131\jre\lib\rt.jar;D:\Java\jdk1.8.0_131\jre\lib\sunrsasign.jar;D:\Java\jdk1.8.0_131\jre\lib\jsse.jar;D:\Java\jdk1.8.0_131\jre\lib\jce.jar;D:\Java\jdk1.8.0_131\jre\lib\charsets.jar;D:\Java\jdk1.8.0_131\jre\lib\jfr.jar;D:\Java\jdk1.8.0_131\jre\classes"/>
    <property name="user.script" value=""/>
    <property name="sun.management.compiler" value="HotSpot 64-Bit Tiered Compilers"/>
    <property name="java.runtime.version" value="1.8.0_131-b11"/>
    <property name="user.name" value="Administrator"/>
    <property name="path.separator" value=";"/>
    <property name="os.version" value="6.1"/>
    <property name="java.endorsed.dirs" value="D:\Java\jdk1.8.0_131\jre\lib\endorsed"/>
    <property name="java.runtime.name" value="Java(TM) SE Runtime Environment"/>
    <property name="file.encoding" value="GBK"/>
    <property name="java.vm.name" value="Java HotSpot(TM) 64-Bit Server VM"/>
    <property name="localRepository" value="D:\Maven\Repository"/>
    <property name="java.vendor.url.bug" value="http://bugreport.sun.com/bugreport/"/>
    <property name="java.io.tmpdir" value="C:\Users\ADMINI~1\AppData\Local\Temp\"/>
    <property name="java.version" value="1.8.0_131"/>
    <property name="user.dir" value="D:\java_workspace\springboot-crud"/>
    <property name="os.arch" value="amd64"/>
    <property name="java.vm.specification.name" value="Java Virtual Machine Specification"/>
    <property name="java.awt.printerjob" value="sun.awt.windows.WPrinterJob"/>
    <property name="sun.os.patch.level" value="Service Pack 1"/>
    <property name="java.library.path" value="D:\Java\jdk1.8.0_131\jre\bin;C:\Windows\Sun\Java\bin;C:\Windows\system32;C:\Windows;D:/Java/jdk1.7.0_67/jre/bin/server;D:/Java/jdk1.7.0_67/jre/bin;D:/Java/jdk1.7.0_67/jre/lib/amd64;D:\apache-maven-3.5.3\bin;D:\zookeeper-3.3.6\bin;C:\ProgramData\Oracle\Java\javapath;D:\RabbitMQ\rabbitmq_server-3.5.6\sbin;D:\erl5.9\bin;D:\zookeeper-3.4.11\bin;D:\Java\jdk1.7.0_67\bin;C:\Windows\system32;C:\Windows;C:\Windows\System32\Wbem;C:\Windows\System32\WindowsPowerShell\v1.0\;D:\Git\cmd;C:\Program Files\Microsoft SQL Server\120\Tools\Binn\;D:\TortoiseSVN\bin;C:\Program Files\MySQL\MySQL Utilities 1.6\;C:\Users\Administrator\.dnx\bin;C:\Users\Administrator\AppData\Local\GitHubDesktop\bin;D:\eclipse-jee-mars-2-win32-x86_64\eclipse;;."/>
    <property name="java.vm.info" value="mixed mode"/>
    <property name="java.vendor" value="Oracle Corporation"/>
    <property name="java.vm.version" value="25.131-b11"/>
    <property name="java.ext.dirs" value="D:\Java\jdk1.8.0_131\jre\lib\ext;C:\Windows\Sun\Java\lib\ext"/>
    <property name="sun.io.unicode.encoding" value="UnicodeLittle"/>
    <property name="java.class.version" value="52.0"/>
  </properties>
  <testcase name="contextLoads" classname="com.chat.SpringbootCrudApplicationTests" time="0.236"/>
</testsuite>